# Logfile created on 2014-01-07 13:06:56 +0200 by logger.rb/36483
I, [2014-01-07T13:06:57.000048 #23284]  INFO -- : 0:  rake (10.1.1) from /home/uldis/.rvm/gems/ruby-2.0.0-p195/specifications/rake-10.1.1.gemspec
I, [2014-01-07T13:06:57.001901 #23284]  INFO -- : 0:  addressable (2.3.5) from /home/uldis/.rvm/gems/ruby-2.0.0-p195/specifications/addressable-2.3.5.gemspec
I, [2014-01-07T13:06:57.004078 #23284]  INFO -- : 0:  bundler (1.5.1) from /home/uldis/.rvm/gems/ruby-2.0.0-p195/specifications/bundler-1.5.1.gemspec
I, [2014-01-07T13:06:58.585915 #23284]  INFO -- : 0:  safe_yaml (0.9.7) from /home/uldis/.rvm/gems/ruby-2.0.0-p195/specifications/safe_yaml-0.9.7.gemspec
I, [2014-01-07T13:07:00.162672 #23284]  INFO -- : 0:  crack (0.4.1) from /home/uldis/.rvm/gems/ruby-2.0.0-p195/specifications/crack-0.4.1.gemspec
I, [2014-01-07T13:07:01.766861 #23284]  INFO -- : 0:  diff-lcs (1.2.5) from /home/uldis/.rvm/gems/ruby-2.0.0-p195/specifications/diff-lcs-1.2.5.gemspec
I, [2014-01-07T13:07:03.229584 #23284]  INFO -- : 0:  docile (1.1.1) from /home/uldis/.rvm/gems/ruby-2.0.0-p195/specifications/docile-1.1.1.gemspec
I, [2014-01-07T13:07:03.231896 #23284]  INFO -- : 0:  hashie (2.0.5) from /home/uldis/.rvm/gems/ruby-2.0.0-p195/specifications/hashie-2.0.5.gemspec
I, [2014-01-07T13:07:03.233060 #23284]  INFO -- : 0:  multi_json (1.8.2) from /home/uldis/.rvm/gems/ruby-2.0.0-p195/specifications/multi_json-1.8.2.gemspec
I, [2014-01-07T13:07:03.234251 #23284]  INFO -- : 0:  rack (1.5.2) from /home/uldis/.rvm/gems/ruby-2.0.0-p195/specifications/rack-1.5.2.gemspec
I, [2014-01-07T13:07:03.235366 #23284]  INFO -- : 0:  omniauth (1.1.4) from /home/uldis/.rvm/gems/ruby-2.0.0-p195/specifications/omniauth-1.1.4.gemspec
I, [2014-01-07T13:07:03.244154 #23284]  INFO -- : 0:  omniauth-draugiem (0.0.1) from /home/uldis/makit/omniauth-draugiem/omniauth-draugiem.gemspec
I, [2014-01-07T13:07:03.245579 #23284]  INFO -- : 0:  rack-test (0.6.2) from /home/uldis/.rvm/gems/ruby-2.0.0-p195/specifications/rack-test-0.6.2.gemspec
I, [2014-01-07T13:07:06.705138 #23284]  INFO -- : 0:  rspec-core (2.14.7) from /home/uldis/.rvm/gems/ruby-2.0.0-p195/specifications/rspec-core-2.14.7.gemspec
I, [2014-01-07T13:07:09.273096 #23284]  INFO -- : 0:  rspec-expectations (2.14.4) from /home/uldis/.rvm/gems/ruby-2.0.0-p195/specifications/rspec-expectations-2.14.4.gemspec
I, [2014-01-07T13:07:09.274547 #23284]  INFO -- : 0:  rspec-mocks (2.14.4) from /home/uldis/.rvm/gems/ruby-2.0.0-p195/specifications/rspec-mocks-2.14.4.gemspec
I, [2014-01-07T13:07:09.275785 #23284]  INFO -- : 0:  rspec (2.14.1) from /home/uldis/.rvm/gems/ruby-2.0.0-p195/specifications/rspec-2.14.1.gemspec
I, [2014-01-07T13:07:11.362490 #23284]  INFO -- : 0:  simplecov-html (0.8.0) from /home/uldis/.rvm/gems/ruby-2.0.0-p195/specifications/simplecov-html-0.8.0.gemspec
I, [2014-01-07T13:07:13.645567 #23284]  INFO -- : 0:  simplecov (0.8.2) from /home/uldis/.rvm/gems/ruby-2.0.0-p195/specifications/simplecov-0.8.2.gemspec
I, [2014-01-07T13:07:16.172563 #23284]  INFO -- : 0:  webmock (1.16.1) from /home/uldis/.rvm/gems/ruby-2.0.0-p195/specifications/webmock-1.16.1.gemspec
I, [2014-01-07T14:22:21.590964 #25056]  INFO -- : 0:  rake (10.1.1) from /home/uldis/.rvm/gems/ruby-2.0.0-p195/specifications/rake-10.1.1.gemspec
I, [2014-01-07T14:22:21.595132 #25056]  INFO -- : 0:  addressable (2.3.5) from /home/uldis/.rvm/gems/ruby-2.0.0-p195/specifications/addressable-2.3.5.gemspec
I, [2014-01-07T14:22:21.595955 #25056]  INFO -- : 0:  bundler (1.5.1) from /home/uldis/.rvm/gems/ruby-2.0.0-p195/specifications/bundler-1.5.1.gemspec
I, [2014-01-07T14:22:21.599351 #25056]  INFO -- : 0:  safe_yaml (0.9.7) from /home/uldis/.rvm/gems/ruby-2.0.0-p195/specifications/safe_yaml-0.9.7.gemspec
I, [2014-01-07T14:22:21.600283 #25056]  INFO -- : 0:  crack (0.4.1) from /home/uldis/.rvm/gems/ruby-2.0.0-p195/specifications/crack-0.4.1.gemspec
I, [2014-01-07T14:22:21.601175 #25056]  INFO -- : 0:  diff-lcs (1.2.5) from /home/uldis/.rvm/gems/ruby-2.0.0-p195/specifications/diff-lcs-1.2.5.gemspec
I, [2014-01-07T14:22:21.609425 #25056]  INFO -- : 0:  docile (1.1.1) from /home/uldis/.rvm/gems/ruby-2.0.0-p195/specifications/docile-1.1.1.gemspec
I, [2014-01-07T14:22:21.610432 #25056]  INFO -- : 0:  hashie (2.0.5) from /home/uldis/.rvm/gems/ruby-2.0.0-p195/specifications/hashie-2.0.5.gemspec
I, [2014-01-07T14:22:23.359653 #25056]  INFO -- : 0:  mime-types (2.0) from /home/uldis/.rvm/gems/ruby-2.0.0-p195/specifications/mime-types-2.0.gemspec
I, [2014-01-07T14:22:23.361103 #25056]  INFO -- : 0:  multi_json (1.8.2) from /home/uldis/.rvm/gems/ruby-2.0.0-p195/specifications/multi_json-1.8.2.gemspec
I, [2014-01-07T14:22:23.362280 #25056]  INFO -- : 0:  rack (1.5.2) from /home/uldis/.rvm/gems/ruby-2.0.0-p195/specifications/rack-1.5.2.gemspec
I, [2014-01-07T14:22:23.363393 #25056]  INFO -- : 0:  omniauth (1.1.4) from /home/uldis/.rvm/gems/ruby-2.0.0-p195/specifications/omniauth-1.1.4.gemspec
I, [2014-01-07T14:22:24.897791 #25056]  INFO -- : 0:  rest-client (1.6.7) from /home/uldis/.rvm/gems/ruby-2.0.0-p195/specifications/rest-client-1.6.7.gemspec
I, [2014-01-07T14:22:24.910441 #25056]  INFO -- : 0:  omniauth-draugiem (0.0.1) from /home/uldis/makit/omniauth-draugiem/omniauth-draugiem.gemspec
I, [2014-01-07T14:22:24.913231 #25056]  INFO -- : 0:  rack-test (0.6.2) from /home/uldis/.rvm/gems/ruby-2.0.0-p195/specifications/rack-test-0.6.2.gemspec
I, [2014-01-07T14:22:24.915847 #25056]  INFO -- : 0:  rspec-core (2.14.7) from /home/uldis/.rvm/gems/ruby-2.0.0-p195/specifications/rspec-core-2.14.7.gemspec
I, [2014-01-07T14:22:24.918865 #25056]  INFO -- : 0:  rspec-expectations (2.14.4) from /home/uldis/.rvm/gems/ruby-2.0.0-p195/specifications/rspec-expectations-2.14.4.gemspec
I, [2014-01-07T14:22:24.919809 #25056]  INFO -- : 0:  rspec-mocks (2.14.4) from /home/uldis/.rvm/gems/ruby-2.0.0-p195/specifications/rspec-mocks-2.14.4.gemspec
I, [2014-01-07T14:22:24.921607 #25056]  INFO -- : 0:  rspec (2.14.1) from /home/uldis/.rvm/gems/ruby-2.0.0-p195/specifications/rspec-2.14.1.gemspec
I, [2014-01-07T14:22:24.928735 #25056]  INFO -- : 0:  simplecov-html (0.8.0) from /home/uldis/.rvm/gems/ruby-2.0.0-p195/specifications/simplecov-html-0.8.0.gemspec
I, [2014-01-07T14:22:24.929834 #25056]  INFO -- : 0:  simplecov (0.8.2) from /home/uldis/.rvm/gems/ruby-2.0.0-p195/specifications/simplecov-0.8.2.gemspec
I, [2014-01-07T14:22:24.932124 #25056]  INFO -- : 0:  webmock (1.16.1) from /home/uldis/.rvm/gems/ruby-2.0.0-p195/specifications/webmock-1.16.1.gemspec
